time="2022-02-23T20:54:29+05:00" level=info msg="create router" func="main.main()" file="app.go:17"
time="2022-02-25T20:38:29+05:00" level=info msg="create router" func="main.main()" file="app.go:21"
time="2022-02-25T20:38:29+05:00" level=info msg="read application configuration" func="restful_go_project/internal/config.GetConfig.func1()" file="config.go:25"
time="2022-02-25T20:38:29+05:00" level=info msg="start application" func="main.start()" file="app.go:34"
time="2022-02-25T20:38:29+05:00" level=info msg="listen tcp" func="main.start()" file="app.go:51"
time="2022-02-25T20:38:29+05:00" level=info msg="server is listening 0.0.0.0:10000" func="main.start()" file="app.go:64"
time="2022-02-25T20:50:54+05:00" level=info msg="create router" func="main.main()" file="app.go:21"
time="2022-02-25T20:50:54+05:00" level=info msg="read application configuration" func="restful_go_project/internal/config.GetConfig.func1()" file="config.go:25"
time="2022-02-25T20:50:54+05:00" level=info msg="start application" func="main.start()" file="app.go:34"
time="2022-02-25T20:50:54+05:00" level=info msg="detect app path" func="main.start()" file="app.go:39"
time="2022-02-25T20:50:54+05:00" level=info msg="create socket" func="main.start()" file="app.go:45"
time="2022-02-25T20:50:54+05:00" level=info msg="listen unix socket" func="main.start()" file="app.go:48"
time="2022-02-25T20:50:54+05:00" level=info msg="server is listening unix socket: /home/oybek/go/src/restful_go_project/build/app:sock" func="main.start()" file="app.go:50"
time="2022-02-27T21:27:16+05:00" level=info msg="create router" func="main.main()" file="app.go:21"
time="2022-02-27T21:27:16+05:00" level=info msg="read application configuration" func="restful_go_project/internal/config.GetConfig.func1()" file="config.go:25"
time="2022-02-27T21:27:16+05:00" level=info msg="start application" func="main.start()" file="app.go:34"
time="2022-02-27T21:27:16+05:00" level=info msg="detect app path" func="main.start()" file="app.go:39"
time="2022-02-27T21:27:16+05:00" level=info msg="create socket" func="main.start()" file="app.go:45"
time="2022-02-27T21:27:16+05:00" level=info msg="listen unix socket" func="main.start()" file="app.go:48"
time="2022-02-27T21:27:16+05:00" level=info msg="server is listening unix socket: /home/oybek/go/src/restful_go_project/build/app:sock" func="main.start()" file="app.go:50"
time="2022-02-27T21:27:16+05:00" level=fatal msg="listen unix /home/oybek/go/src/restful_go_project/build/app:sock: bind: address already in use" func="main.start()" file="app.go:58"
time="2022-02-27T21:27:52+05:00" level=info msg="create router" func="main.main()" file="app.go:21"
time="2022-02-27T21:27:52+05:00" level=info msg="read application configuration" func="restful_go_project/internal/config.GetConfig.func1()" file="config.go:25"
time="2022-02-27T21:27:52+05:00" level=info msg="start application" func="main.start()" file="app.go:34"
time="2022-02-27T21:27:52+05:00" level=info msg="detect app path" func="main.start()" file="app.go:39"
time="2022-02-27T21:27:52+05:00" level=info msg="listen tcp" func="main.start()" file="app.go:52"
time="2022-02-27T21:27:52+05:00" level=info msg="server is listening 0.0.0.0:10000" func="main.start()" file="app.go:54"
time="2022-02-28T20:06:54+05:00" level=info msg="create router" func="main.main()" file="app.go:24"
time="2022-02-28T20:06:54+05:00" level=info msg="read application configuration" func="restful_go_project/internal/config.GetConfig.func1()" file="config.go:34"
time="2022-03-01T14:49:21+05:00" level=info msg="create router" func="main.main()" file="app.go:24"
time="2022-03-01T14:49:21+05:00" level=info msg="read application configuration" func="restful_go_project/internal/config.GetConfig.func1()" file="config.go:34"
time="2022-03-01T14:49:52+05:00" level=info msg="create router" func="main.main()" file="app.go:24"
time="2022-03-01T14:49:52+05:00" level=info msg="read application configuration" func="restful_go_project/internal/config.GetConfig.func1()" file="config.go:34"
time="2022-03-01T14:50:06+05:00" level=info msg="create router" func="main.main()" file="app.go:24"
time="2022-03-01T14:50:06+05:00" level=info msg="read application configuration" func="restful_go_project/internal/config.GetConfig.func1()" file="config.go:34"
time="2022-03-01T15:04:59+05:00" level=info msg="create router" func="main.main()" file="app.go:24"
time="2022-03-01T15:04:59+05:00" level=info msg="read application configuration" func="restful_go_project/internal/config.GetConfig.func1()" file="config.go:34"
time="2022-03-04T20:11:33+05:00" level=info msg="create router" func="main.main()" file="app.go:24"
time="2022-03-04T20:11:33+05:00" level=info msg="read application configuration" func="restful_go_project/internal/config.GetConfig.func1()" file="config.go:34"
time="2022-03-04T20:13:50+05:00" level=info msg="create router" func="main.main()" file="app.go:24"
time="2022-03-04T20:13:50+05:00" level=info msg="read application configuration" func="restful_go_project/internal/config.GetConfig.func1()" file="config.go:34"
time="2022-03-04T20:16:21+05:00" level=info msg="create router" func="main.main()" file="app.go:24"
time="2022-03-04T20:16:21+05:00" level=info msg="read application configuration" func="restful_go_project/internal/config.GetConfig.func1()" file="config.go:34"
